<?xml version="1.0" encoding="UTF-8"?>
<testng-results ignored="0" total="1" passed="1" failed="0" skipped="0">
  <reporter-output>
  </reporter-output>
  <suite started-at="2025-02-23T14:14:33 IST" name="Default suite" finished-at="2025-02-23T14:15:06 IST" duration-ms="33178">
    <groups>
    </groups>
    <test started-at="2025-02-23T14:14:33 IST" name="Default test" finished-at="2025-02-23T14:15:06 IST" duration-ms="33178">
      <class name="MyFirstTestCase">
        <test-method is-config="true" signature="Login()[pri:0, instance:MyFirstTestCase@663c9e7a]" started-at="2025-02-23T14:14:12 IST" name="Login" finished-at="2025-02-23T14:14:33 IST" duration-ms="21566" status="PASS">
          <reporter-output>
          </reporter-output>
        </test-method> <!-- Login -->
        <test-method signature="Update()[pri:0, instance:MyFirstTestCase@663c9e7a]" started-at="2025-02-23T14:14:33 IST" name="Update" finished-at="2025-02-23T14:15:06 IST" duration-ms="32658" status="PASS">
          <reporter-output>
          </reporter-output>
        </test-method> <!-- Update -->
        <test-method is-config="true" signature="Teardown()[pri:0, instance:MyFirstTestCase@663c9e7a]" started-at="2025-02-23T14:15:06 IST" name="Teardown" finished-at="2025-02-23T14:15:06 IST" duration-ms="474" status="PASS">
          <reporter-output>
          </reporter-output>
        </test-method> <!-- Teardown -->
      </class> <!-- MyFirstTestCase -->
    </test> <!-- Default test -->
  </suite> <!-- Default suite -->
</testng-results>
